<?xml version="1.0" encoding="UTF-8"?>
<testng-results skipped="0" failed="0" total="1" passed="1">
  <reporter-output>
  </reporter-output>
  <suite name="myTest" duration-ms="15" started-at="2018-03-02T14:15:33Z" finished-at="2018-03-02T14:15:33Z">
    <groups>
    </groups>
    <test name="Command line test" duration-ms="15" started-at="2018-03-02T14:15:33Z" finished-at="2018-03-02T14:15:33Z">
      <class name="myTest">
        <test-method status="PASS" signature="testCase()[pri:0, instance:myTest@7c75222b]" name="testCase" duration-ms="7" started-at="2018-03-02T19:45:33Z" finished-at="2018-03-02T19:45:33Z">
          <reporter-output>
          </reporter-output>
        </test-method> <!-- testCase -->
      </class> <!-- myTest -->
    </test> <!-- Command line test -->
  </suite> <!-- myTest -->
</testng-results>
