<?xml version="1.0" encoding="UTF-8"?>
<testng-results skipped="0" failed="0" total="1" passed="1">
  <reporter-output>
  </reporter-output>
  <suite name="Default suite" duration-ms="25" started-at="2018-03-02T14:13:38Z" finished-at="2018-03-02T14:13:38Z">
    <groups>
    </groups>
    <test name="Default test" duration-ms="25" started-at="2018-03-02T14:13:38Z" finished-at="2018-03-02T14:13:38Z">
      <class name="myTest">
        <test-method status="PASS" signature="testCase()[pri:0, instance:myTest@4590c9c3]" name="testCase" duration-ms="10" started-at="2018-03-02T19:43:38Z" finished-at="2018-03-02T19:43:38Z">
          <reporter-output>
          </reporter-output>
        </test-method> <!-- testCase -->
      </class> <!-- myTest -->
    </test> <!-- Default test -->
  </suite> <!-- Default suite -->
</testng-results>
